<?xml version="1.0" encoding="UTF-8"?>
<testsuite xmlns:xsi="http://www.w3.org/2001/XMLSchema-instance" xsi:noNamespaceSchemaLocation="https://maven.apache.org/surefire/maven-surefire-plugin/xsd/surefire-test-report-3.0.xsd" version="3.0" name="com.nikhil.promptbridge.PromptbridgeApplicationTests" time="12.017" tests="1" errors="0" skipped="0" failures="0">
  <properties>
[...]
</properties>
  <testcase name="contextLoads" classname="com.nikhil.promptbridge.PromptbridgeApplicationTests" time="0.688">
    <system-out><![CDATA[16:36:57.116 [main] INFO org.springframework.test.context.support.AnnotationConfigContextLoaderUtils -- Could not detect default configuration classes for test class [com.nikhil.promptbridge.PromptbridgeApplicationTests]: PromptbridgeApplicationTests does not declare any static, non-private, non-final, nested classes annotated with @Configuration.
16:36:57.253 [main] INFO org.springframework.boot.test.context.SpringBootTestContextBootstrapper -- Found @SpringBootConfiguration com.nikhil.promptbridge.PromptbridgeApplication for test class com.nikhil.promptbridge.PromptbridgeApplicationTests
16:36:57.444 [main] INFO org.springframework.boot.devtools.restart.RestartApplicationListener -- Restart disabled due to context in which it is running

  .   ____          _            __ _ _
 /\\ / ___'_ __ _ _(_)_ __  __ _ \ \ \ \
( ( )\___ | '_ | '_| | '_ \/ _` | \ \ \ \
 \\/  ___)| |_)| | | | | || (_| |  ) ) ) )
  '  |____| .__|_| |_|_| |_\__, | / / / /
 =========|_|==============|___/=/_/_/_/

 :: Spring Boot ::                (v3.3.1)

2025-07-28T16:36:57.831Z  INFO 18617 --- [promptbridge] [           main] c.n.p.PromptbridgeApplicationTests       : Starting PromptbridgeApplicationTests using Java 21.0.8 with PID 18617 (started by vscode in /workspaces/promptbridge)
2025-07-28T16:36:57.837Z  INFO 18617 --- [promptbridge] [           main] c.n.p.PromptbridgeApplicationTests       : No active profile set, falling back to 1 default profile: "default"
2025-07-28T16:36:59.072Z  INFO 18617 --- [promptbridge] [           main] .s.d.r.c.RepositoryConfigurationDelegate : Bootstrapping Spring Data JPA repositories in DEFAULT mode.
2025-07-28T16:36:59.223Z  INFO 18617 --- [promptbridge] [           main] .s.d.r.c.RepositoryConfigurationDelegate : Finished Spring Data repository scanning in 143 ms. Found 5 JPA repository interfaces.
2025-07-28T16:37:00.143Z  INFO 18617 --- [promptbridge] [           main] o.hibernate.jpa.internal.util.LogHelper  : HHH000204: Processing PersistenceUnitInfo [name: default]
2025-07-28T16:37:00.278Z  INFO 18617 --- [promptbridge] [           main] org.hibernate.Version                    : HHH000412: Hibernate ORM core version 6.5.2.Final
2025-07-28T16:37:00.338Z  INFO 18617 --- [promptbridge] [           main] o.h.c.internal.RegionFactoryInitiator    : HHH000026: Second-level cache disabled
2025-07-28T16:37:00.968Z  INFO 18617 --- [promptbridge] [           main] o.s.o.j.p.SpringPersistenceUnitInfo      : No LoadTimeWeaver setup: ignoring JPA class transformer
2025-07-28T16:37:00.998Z  INFO 18617 --- [promptbridge] [           main] com.zaxxer.hikari.HikariDataSource       : HikariPool-1 - Starting...
2025-07-28T16:37:02.518Z  INFO 18617 --- [promptbridge] [           main] com.zaxxer.hikari.pool.HikariPool        : HikariPool-1 - Added connection org.postgresql.jdbc.PgConnection@59127611
2025-07-28T16:37:02.520Z  INFO 18617 --- [promptbridge] [           main] com.zaxxer.hikari.HikariDataSource       : HikariPool-1 - Start completed.
2025-07-28T16:37:02.648Z  WARN 18617 --- [promptbridge] [           main] org.hibernate.orm.deprecation            : HHH90000025: PostgreSQLDialect does not need to be specified explicitly using 'hibernate.dialect' (remove the property setting and it will be selected by default)
2025-07-28T16:37:03.986Z  INFO 18617 --- [promptbridge] [           main] o.h.e.t.j.p.i.JtaPlatformInitiator       : HHH000489: No JTA platform available (set 'hibernate.transaction.jta.platform' to enable JTA platform integration)
Hibernate: create table feedback (id bigint generated by default as identity, comment varchar(255), created_at timestamp(6), rating integer not null, prompt_version_id bigint, user_id bigint, primary key (id))
Hibernate: create table prompt_tags (prompt_id bigint not null, tag_id bigint not null, primary key (prompt_id, tag_id))
Hibernate: create table prompt_versions (id bigint generated by default as identity, content TEXT, created_at timestamp(6), version_number integer, prompt_id bigint not null, primary key (id))
Hibernate: create table prompts (id bigint generated by default as identity, created_at timestamp(6), description varchar(255), title varchar(255), user_id bigint not null, primary key (id))
Hibernate: create table tags (id bigint generated by default as identity, name varchar(50) not null, primary key (id))
Hibernate: create table users (id bigint generated by default as identity, created_at timestamp(6), email varchar(255) not null, name varchar(255), password_hash varchar(255), primary key (id))
Hibernate: alter table if exists tags drop constraint if exists UKt48xdq560gs3gap9g7jg36kgc
2025-07-28T16:37:04.815Z  WARN 18617 --- [promptbridge] [           main] o.h.engine.jdbc.spi.SqlExceptionHelper   : SQL Warning Code: 0, SQLState: 00000
2025-07-28T16:37:04.816Z  WARN 18617 --- [promptbridge] [           main] o.h.engine.jdbc.spi.SqlExceptionHelper   : constraint "ukt48xdq560gs3gap9g7jg36kgc" of relation "tags" does not exist, skipping
Hibernate: alter table if exists tags add constraint UKt48xdq560gs3gap9g7jg36kgc unique (name)
Hibernate: alter table if exists users drop constraint if exists UK6dotkott2kjsp8vw4d0m25fb7
2025-07-28T16:37:04.939Z  WARN 18617 --- [promptbridge] [           main] o.h.engine.jdbc.spi.SqlExceptionHelper   : SQL Warning Code: 0, SQLState: 00000
2025-07-28T16:37:04.939Z  WARN 18617 --- [promptbridge] [           main] o.h.engine.jdbc.spi.SqlExceptionHelper   : constraint "uk6dotkott2kjsp8vw4d0m25fb7" of relation "users" does not exist, skipping
Hibernate: alter table if exists users add constraint UK6dotkott2kjsp8vw4d0m25fb7 unique (email)
Hibernate: alter table if exists feedback add constraint FKoy4xg1jaixhtqrs4myp5ldi2q foreign key (prompt_version_id) references prompt_versions
Hibernate: alter table if exists feedback add constraint FKpwwmhguqianghvi1wohmtsm8l foreign key (user_id) references users
Hibernate: alter table if exists prompt_tags add constraint FK746h549hkaii5om0c5id94bd0 foreign key (tag_id) references tags
Hibernate: alter table if exists prompt_tags add constraint FK5ps0qygubc104qsp28yfokk3j foreign key (prompt_id) references prompts
Hibernate: alter table if exists prompt_versions add constraint FKp8sib4tln4l8rchugakvgiel9 foreign key (prompt_id) references prompts
Hibernate: alter table if exists prompts add constraint FK7h41xxu11jsc98ndygogbgt3d foreign key (user_id) references users
2025-07-28T16:37:05.386Z  INFO 18617 --- [promptbridge] [           main] j.LocalContainerEntityManagerFactoryBean : Initialized JPA EntityManagerFactory for persistence unit 'default'
2025-07-28T16:37:06.250Z  INFO 18617 --- [promptbridge] [           main] eAuthenticationProviderManagerConfigurer : Global AuthenticationManager configured with AuthenticationProvider bean with name authenticationProvider
2025-07-28T16:37:06.251Z  WARN 18617 --- [promptbridge] [           main] r$InitializeUserDetailsManagerConfigurer : Global AuthenticationManager configured with an AuthenticationProvider bean. UserDetailsService beans will not be used for username/password login. Consider removing the AuthenticationProvider bean. Alternatively, consider using the UserDetailsService in a manually instantiated DaoAuthenticationProvider.
2025-07-28T16:37:06.325Z  INFO 18617 --- [promptbridge] [           main] o.s.d.j.r.query.QueryEnhancerFactory     : Hibernate is in classpath; If applicable, HQL parser will be used.
2025-07-28T16:37:07.504Z  WARN 18617 --- [promptbridge] [           main] JpaBaseConfiguration$JpaWebConfiguration : spring.jpa.open-in-view is enabled by default. Therefore, database queries may be performed during view rendering. Explicitly configure spring.jpa.open-in-view to disable this warning
2025-07-28T16:37:07.635Z  INFO 18617 --- [promptbridge] [           main] o.s.b.a.w.s.WelcomePageHandlerMapping    : Adding welcome page: class path resource [static/index.html]
2025-07-28T16:37:08.217Z  INFO 18617 --- [promptbridge] [           main] c.n.p.PromptbridgeApplicationTests       : Started PromptbridgeApplicationTests in 10.788 seconds (process running for 11.965)
]]></system-out>
    <system-err><![CDATA[WARNING: A Java agent has been loaded dynamically (/home/vscode/.m2/repository/net/bytebuddy/byte-buddy-agent/1.14.17/byte-buddy-agent-1.14.17.jar)
WARNING: If a serviceability tool is in use, please run with -XX:+EnableDynamicAgentLoading to hide this warning
WARNING: If a serviceability tool is not in use, please run with -Djdk.instrument.traceUsage for more information
WARNING: Dynamic loading of agents will be disallowed by default in a future release
]]></system-err>
  </testcase>
</testsuite>